{"/Users/FlorianSueur/Desktop/ASAP/neext/src/ui/AppBox/index.tsx": {"path":"/Users/FlorianSueur/Desktop/ASAP/neext/src/ui/AppBox/index.tsx","statementMap":{"0":{"start":{"line":4,"column":0},"end":{"line":4,"column":67}},"1":{"start":{"line":6,"column":0},"end":{"line":6,"column":48}},"2":{"start":{"line":7,"column":0},"end":{"line":7,"column":null}},"3":{"start":{"line":33,"column":0},"end":{"line":33,"column":51}},"4":{"start":{"line":39,"column":0},"end":{"line":39,"column":null}},"5":{"start":{"line":40,"column":2},"end":{"line":40,"column":null}},"6":{"start":{"line":41,"column":2},"end":{"line":41,"column":null}},"7":{"start":{"line":42,"column":2},"end":{"line":42,"column":null}},"8":{"start":{"line":43,"column":2},"end":{"line":43,"column":null}},"9":{"start":{"line":44,"column":2},"end":{"line":44,"column":null}},"10":{"start":{"line":45,"column":2},"end":{"line":45,"column":null}},"11":{"start":{"line":46,"column":2},"end":{"line":46,"column":null}},"12":{"start":{"line":47,"column":2},"end":{"line":47,"column":null}},"13":{"start":{"line":48,"column":2},"end":{"line":48,"column":null}},"14":{"start":{"line":49,"column":2},"end":{"line":49,"column":null}},"15":{"start":{"line":71,"column":0},"end":{"line":71,"column":null}},"16":{"start":{"line":72,"column":2},"end":{"line":72,"column":null}},"17":{"start":{"line":73,"column":2},"end":{"line":73,"column":null}},"18":{"start":{"line":74,"column":2},"end":{"line":74,"column":null}},"19":{"start":{"line":75,"column":2},"end":{"line":75,"column":null}},"20":{"start":{"line":76,"column":2},"end":{"line":76,"column":null}},"21":{"start":{"line":77,"column":2},"end":{"line":77,"column":null}},"22":{"start":{"line":78,"column":2},"end":{"line":78,"column":null}},"23":{"start":{"line":79,"column":2},"end":{"line":79,"column":null}},"24":{"start":{"line":80,"column":2},"end":{"line":80,"column":null}},"25":{"start":{"line":93,"column":0},"end":{"line":93,"column":null}},"26":{"start":{"line":94,"column":2},"end":{"line":94,"column":null}},"27":{"start":{"line":95,"column":2},"end":{"line":95,"column":null}},"28":{"start":{"line":96,"column":2},"end":{"line":96,"column":null}},"29":{"start":{"line":97,"column":2},"end":{"line":97,"column":null}},"30":{"start":{"line":98,"column":2},"end":{"line":98,"column":null}},"31":{"start":{"line":99,"column":2},"end":{"line":99,"column":null}},"32":{"start":{"line":100,"column":2},"end":{"line":100,"column":null}},"33":{"start":{"line":113,"column":0},"end":{"line":113,"column":null}},"34":{"start":{"line":114,"column":2},"end":{"line":114,"column":null}},"35":{"start":{"line":115,"column":2},"end":{"line":115,"column":null}},"36":{"start":{"line":116,"column":2},"end":{"line":116,"column":null}},"37":{"start":{"line":117,"column":2},"end":{"line":117,"column":null}},"38":{"start":{"line":118,"column":2},"end":{"line":118,"column":null}},"39":{"start":{"line":119,"column":2},"end":{"line":119,"column":null}},"40":{"start":{"line":175,"column":23},"end":{"line":175,"column":28}},"41":{"start":{"line":177,"column":13},"end":{"line":187,"column":11}},"42":{"start":{"line":189,"column":15},"end":{"line":205,"column":null}},"43":{"start":{"line":191,"column":4},"end":{"line":191,"column":35}},"44":{"start":{"line":194,"column":13},"end":{"line":196,"column":null}},"45":{"start":{"line":208,"column":0},"end":{"line":208,"column":30}},"46":{"start":{"line":218,"column":0},"end":{"line":218,"column":43}}},"fnMap":{"0":{"name":"(anonymous_1)","decl":{"start":{"line":39,"column":0},"end":{"line":39,"column":12}},"loc":{"start":{"line":39,"column":20},"end":{"line":50,"column":1}}},"1":{"name":"(anonymous_2)","decl":{"start":{"line":71,"column":0},"end":{"line":71,"column":12}},"loc":{"start":{"line":71,"column":22},"end":{"line":81,"column":1}}},"2":{"name":"(anonymous_3)","decl":{"start":{"line":93,"column":0},"end":{"line":93,"column":12}},"loc":{"start":{"line":93,"column":22},"end":{"line":101,"column":1}}},"3":{"name":"(anonymous_4)","decl":{"start":{"line":113,"column":0},"end":{"line":113,"column":12}},"loc":{"start":{"line":113,"column":25},"end":{"line":120,"column":1}}},"4":{"name":"(anonymous_5)","decl":{"start":{"line":190,"column":21},"end":{"line":190,"column":22}},"loc":{"start":{"line":190,"column":26},"end":{"line":192,"column":3}}},"5":{"name":"(anonymous_6)","decl":{"start":{"line":194,"column":2},"end":{"line":194,"column":3}},"loc":{"start":{"line":194,"column":8},"end":{"line":194,"column":14}}}},"branchMap":{"0":{"loc":{"start":{"line":39,"column":12},"end":{"line":39,"column":20}},"type":"binary-expr","locations":[{"start":{"line":39,"column":12},"end":{"line":39,"column":20}},{"start":{"line":39,"column":12},"end":{"line":39,"column":null}}]},"1":{"loc":{"start":{"line":71,"column":12},"end":{"line":71,"column":22}},"type":"binary-expr","locations":[{"start":{"line":71,"column":12},"end":{"line":71,"column":22}},{"start":{"line":71,"column":12},"end":{"line":71,"column":null}}]},"2":{"loc":{"start":{"line":93,"column":12},"end":{"line":93,"column":22}},"type":"binary-expr","locations":[{"start":{"line":93,"column":12},"end":{"line":93,"column":22}},{"start":{"line":93,"column":12},"end":{"line":93,"column":null}}]},"3":{"loc":{"start":{"line":113,"column":12},"end":{"line":113,"column":25}},"type":"binary-expr","locations":[{"start":{"line":113,"column":12},"end":{"line":113,"column":25}},{"start":{"line":113,"column":12},"end":{"line":113,"column":null}}]},"4":{"loc":{"start":{"line":195,"column":37},"end":{"line":195,"column":48}},"type":"cond-expr","locations":[{"start":{"line":195,"column":37},"end":{"line":195,"column":48}},{"start":{"line":195,"column":51},"end":{"line":195,"column":60}}]}},"s":{"0":4,"1":4,"2":4,"3":4,"4":4,"5":4,"6":4,"7":4,"8":4,"9":4,"10":4,"11":4,"12":4,"13":4,"14":4,"15":4,"16":4,"17":4,"18":4,"19":4,"20":4,"21":4,"22":4,"23":4,"24":4,"25":4,"26":4,"27":4,"28":4,"29":4,"30":4,"31":4,"32":4,"33":4,"34":4,"35":4,"36":4,"37":4,"38":4,"39":4,"40":4,"41":4,"42":4,"43":108,"44":19,"45":4,"46":4},"f":{"0":4,"1":4,"2":4,"3":4,"4":108,"5":19},"b":{"0":[4,4],"1":[4,4],"2":[4,4],"3":[4,4],"4":[0,19]}}
,"/Users/FlorianSueur/Desktop/ASAP/neext/src/ui/Typography/AppLink/index.tsx": {"path":"/Users/FlorianSueur/Desktop/ASAP/neext/src/ui/Typography/AppLink/index.tsx","statementMap":{"0":{"start":{"line":1,"column":0},"end":{"line":1,"column":31}},"1":{"start":{"line":3,"column":0},"end":{"line":3,"column":44}},"2":{"start":{"line":6,"column":0},"end":{"line":6,"column":48}},"3":{"start":{"line":8,"column":0},"end":{"line":8,"column":72}},"4":{"start":{"line":16,"column":21},"end":{"line":31,"column":null}},"5":{"start":{"line":21,"column":6},"end":{"line":24,"column":null}},"6":{"start":{"line":27,"column":4},"end":{"line":31,"column":null}},"7":{"start":{"line":29,"column":26},"end":{"line":29,"column":null}},"8":{"start":{"line":30,"column":19},"end":{"line":30,"column":null}},"9":{"start":{"line":36,"column":16},"end":{"line":77,"column":null}},"10":{"start":{"line":39,"column":10},"end":{"line":39,"column":null}},"11":{"start":{"line":40,"column":8},"end":{"line":40,"column":null}},"12":{"start":{"line":41,"column":13},"end":{"line":41,"column":null}},"13":{"start":{"line":42,"column":12},"end":{"line":42,"column":null}},"14":{"start":{"line":43,"column":13},"end":{"line":43,"column":null}},"15":{"start":{"line":44,"column":14},"end":{"line":44,"column":null}},"16":{"start":{"line":45,"column":27},"end":{"line":45,"column":null}},"17":{"start":{"line":46,"column":22},"end":{"line":46,"column":null}},"18":{"start":{"line":47,"column":6},"end":{"line":47,"column":24}},"19":{"start":{"line":47,"column":24},"end":{"line":47,"column":null}},"20":{"start":{"line":48,"column":6},"end":{"line":48,"column":14}},"21":{"start":{"line":48,"column":14},"end":{"line":48,"column":null}},"22":{"start":{"line":49,"column":13},"end":{"line":50,"column":12}},"23":{"start":{"line":53,"column":4},"end":{"line":76,"column":6}},"24":{"start":{"line":80,"column":0},"end":{"line":80,"column":32}},"25":{"start":{"line":82,"column":0},"end":{"line":82,"column":23}}},"fnMap":{"0":{"name":"(anonymous_11)","decl":{"start":{"line":20,"column":6},"end":{"line":20,"column":7}},"loc":{"start":{"line":20,"column":12},"end":{"line":21,"column":11}}},"1":{"name":"(anonymous_12)","decl":{"start":{"line":26,"column":4},"end":{"line":26,"column":5}},"loc":{"start":{"line":26,"column":10},"end":{"line":27,"column":9}}},"2":{"name":"(anonymous_13)","decl":{"start":{"line":29,"column":15},"end":{"line":29,"column":16}},"loc":{"start":{"line":29,"column":21},"end":{"line":29,"column":31}}},"3":{"name":"(anonymous_14)","decl":{"start":{"line":30,"column":8},"end":{"line":30,"column":9}},"loc":{"start":{"line":30,"column":14},"end":{"line":30,"column":20}}},"4":{"name":"(anonymous_15)","decl":{"start":{"line":37,"column":2},"end":{"line":37,"column":null}},"loc":{"start":{"line":51,"column":7},"end":{"line":77,"column":3}}}},"branchMap":{"0":{"loc":{"start":{"line":16,"column":35},"end":{"line":16,"column":45}},"type":"binary-expr","locations":[{"start":{"line":16,"column":35},"end":{"line":16,"column":45}},{"start":{"line":16,"column":35},"end":{"line":32,"column":2}}]},"1":{"loc":{"start":{"line":21,"column":6},"end":{"line":21,"column":30}},"type":"binary-expr","locations":[{"start":{"line":21,"column":6},"end":{"line":21,"column":30}},{"start":{"line":22,"column":6},"end":{"line":24,"column":null}}]},"2":{"loc":{"start":{"line":22,"column":9},"end":{"line":22,"column":null}},"type":"binary-expr","locations":[{"start":{"line":22,"column":9},"end":{"line":22,"column":null}},{"start":{"line":22,"column":9},"end":{"line":24,"column":null}}]},"3":{"loc":{"start":{"line":27,"column":4},"end":{"line":27,"column":31}},"type":"binary-expr","locations":[{"start":{"line":27,"column":4},"end":{"line":27,"column":31}},{"start":{"line":28,"column":4},"end":{"line":30,"column":null}}]},"4":{"loc":{"start":{"line":28,"column":7},"end":{"line":28,"column":null}},"type":"binary-expr","locations":[{"start":{"line":28,"column":7},"end":{"line":28,"column":null}},{"start":{"line":28,"column":7},"end":{"line":31,"column":null}}]},"5":{"loc":{"start":{"line":30,"column":20},"end":{"line":30,"column":50}},"type":"binary-expr","locations":[{"start":{"line":30,"column":20},"end":{"line":30,"column":50}},{"start":{"line":30,"column":54},"end":{"line":30,"column":90}}]},"6":{"loc":{"start":{"line":47,"column":27},"end":{"line":47,"column":31}},"type":"cond-expr","locations":[{"start":{"line":47,"column":27},"end":{"line":47,"column":31}},{"start":{"line":47,"column":31},"end":{"line":47,"column":null}}]},"7":{"loc":{"start":{"line":48,"column":17},"end":{"line":48,"column":21}},"type":"cond-expr","locations":[{"start":{"line":48,"column":17},"end":{"line":48,"column":21}},{"start":{"line":48,"column":21},"end":{"line":48,"column":null}}]}},"s":{"0":1,"1":1,"2":1,"3":1,"4":1,"5":5,"6":5,"7":0,"8":0,"9":1,"10":5,"11":5,"12":5,"13":5,"14":5,"15":5,"16":5,"17":5,"18":5,"19":5,"20":5,"21":5,"22":5,"23":5,"24":1,"25":1},"f":{"0":5,"1":5,"2":0,"3":0,"4":5},"b":{"0":[1,1],"1":[5,5],"2":[5,1],"3":[5,0],"4":[0,0],"5":[0,0],"6":[5,0],"7":[5,0]}}
,"/Users/FlorianSueur/Desktop/ASAP/neext/src/ui/Typography/Heading/index.tsx": {"path":"/Users/FlorianSueur/Desktop/ASAP/neext/src/ui/Typography/Heading/index.tsx","statementMap":{"0":{"start":{"line":1,"column":0},"end":{"line":1,"column":31}},"1":{"start":{"line":5,"column":0},"end":{"line":5,"column":83}},"2":{"start":{"line":7,"column":0},"end":{"line":7,"column":null}},"3":{"start":{"line":8,"column":2},"end":{"line":8,"column":null}},"4":{"start":{"line":9,"column":2},"end":{"line":9,"column":null}},"5":{"start":{"line":10,"column":2},"end":{"line":10,"column":null}},"6":{"start":{"line":11,"column":2},"end":{"line":11,"column":null}},"7":{"start":{"line":12,"column":2},"end":{"line":12,"column":null}},"8":{"start":{"line":17,"column":69},"end":{"line":23,"column":2}},"9":{"start":{"line":30,"column":16},"end":{"line":44,"column":null}},"10":{"start":{"line":31,"column":13},"end":{"line":31,"column":15}},"11":{"start":{"line":31,"column":15},"end":{"line":31,"column":19}},"12":{"start":{"line":31,"column":19},"end":{"line":31,"column":28}},"13":{"start":{"line":31,"column":28},"end":{"line":31,"column":30}},"14":{"start":{"line":31,"column":30},"end":{"line":31,"column":42}},"15":{"start":{"line":31,"column":46},"end":{"line":31,"column":55}},"16":{"start":{"line":32,"column":4},"end":{"line":43,"column":6}},"17":{"start":{"line":47,"column":0},"end":{"line":47,"column":32}},"18":{"start":{"line":49,"column":0},"end":{"line":49,"column":54}}},"fnMap":{"0":{"name":"(anonymous_9)","decl":{"start":{"line":7,"column":0},"end":{"line":7,"column":12}},"loc":{"start":{"line":7,"column":23},"end":{"line":13,"column":1}}},"1":{"name":"(anonymous_10)","decl":{"start":{"line":31,"column":2},"end":{"line":31,"column":3}},"loc":{"start":{"line":31,"column":60},"end":{"line":44,"column":3}}}},"branchMap":{"0":{"loc":{"start":{"line":7,"column":12},"end":{"line":7,"column":23}},"type":"binary-expr","locations":[{"start":{"line":7,"column":12},"end":{"line":7,"column":23}},{"start":{"line":7,"column":12},"end":{"line":7,"column":null}}]},"1":{"loc":{"start":{"line":31,"column":22},"end":{"line":31,"column":26}},"type":"cond-expr","locations":[{"start":{"line":31,"column":22},"end":{"line":31,"column":26}},{"start":{"line":31,"column":26},"end":{"line":31,"column":28}}]},"2":{"loc":{"start":{"line":31,"column":33},"end":{"line":31,"column":37}},"type":"cond-expr","locations":[{"start":{"line":31,"column":33},"end":{"line":31,"column":37}},{"start":{"line":31,"column":37},"end":{"line":31,"column":42}}]}},"s":{"0":1,"1":1,"2":1,"3":1,"4":1,"5":1,"6":1,"7":1,"8":1,"9":1,"10":8,"11":8,"12":8,"13":8,"14":8,"15":8,"16":8,"17":1,"18":1},"f":{"0":1,"1":8},"b":{"0":[1,1],"1":[5,3],"2":[3,5]}}
,"/Users/FlorianSueur/Desktop/ASAP/neext/src/ui/Typography/Text/index.tsx": {"path":"/Users/FlorianSueur/Desktop/ASAP/neext/src/ui/Typography/Text/index.tsx","statementMap":{"0":{"start":{"line":1,"column":0},"end":{"line":1,"column":31}},"1":{"start":{"line":3,"column":0},"end":{"line":3,"column":82}},"2":{"start":{"line":5,"column":13},"end":{"line":7,"column":2}},"3":{"start":{"line":6,"column":2},"end":{"line":6,"column":95}},"4":{"start":{"line":9,"column":0},"end":{"line":9,"column":26}},"5":{"start":{"line":11,"column":0},"end":{"line":11,"column":41}}},"fnMap":{"0":{"name":"(anonymous_8)","decl":{"start":{"line":5,"column":51},"end":{"line":5,"column":52}},"loc":{"start":{"line":5,"column":62},"end":{"line":7,"column":1}}}},"branchMap":{},"s":{"0":1,"1":1,"2":1,"3":2,"4":1,"5":1},"f":{"0":2},"b":{}}
}
