TN:
SF:src/ui/AppBox/index.tsx
FN:39,(anonymous_1)
FN:71,(anonymous_2)
FN:93,(anonymous_3)
FN:113,(anonymous_4)
FN:190,(anonymous_5)
FN:194,(anonymous_6)
FNF:6
FNH:6
FNDA:4,(anonymous_1)
FNDA:4,(anonymous_2)
FNDA:4,(anonymous_3)
FNDA:4,(anonymous_4)
FNDA:108,(anonymous_5)
FNDA:19,(anonymous_6)
DA:4,4
DA:6,4
DA:7,4
DA:33,4
DA:39,4
DA:40,4
DA:41,4
DA:42,4
DA:43,4
DA:44,4
DA:45,4
DA:46,4
DA:47,4
DA:48,4
DA:49,4
DA:71,4
DA:72,4
DA:73,4
DA:74,4
DA:75,4
DA:76,4
DA:77,4
DA:78,4
DA:79,4
DA:80,4
DA:93,4
DA:94,4
DA:95,4
DA:96,4
DA:97,4
DA:98,4
DA:99,4
DA:100,4
DA:113,4
DA:114,4
DA:115,4
DA:116,4
DA:117,4
DA:118,4
DA:119,4
DA:175,4
DA:177,4
DA:189,4
DA:191,108
DA:194,19
DA:208,4
DA:218,4
LF:47
LH:47
BRDA:39,0,0,4
BRDA:39,0,1,4
BRDA:71,1,0,4
BRDA:71,1,1,4
BRDA:93,2,0,4
BRDA:93,2,1,4
BRDA:113,3,0,4
BRDA:113,3,1,4
BRDA:195,4,0,0
BRDA:195,4,1,19
BRF:10
BRH:9
end_of_record
TN:
SF:src/ui/Typography/AppLink/index.tsx
FN:20,(anonymous_11)
FN:26,(anonymous_12)
FN:29,(anonymous_13)
FN:30,(anonymous_14)
FN:37,(anonymous_15)
FNF:5
FNH:3
FNDA:5,(anonymous_11)
FNDA:5,(anonymous_12)
FNDA:0,(anonymous_13)
FNDA:0,(anonymous_14)
FNDA:5,(anonymous_15)
DA:1,1
DA:3,1
DA:6,1
DA:8,1
DA:16,1
DA:21,5
DA:27,5
DA:29,0
DA:30,0
DA:36,1
DA:39,5
DA:40,5
DA:41,5
DA:42,5
DA:43,5
DA:44,5
DA:45,5
DA:46,5
DA:47,5
DA:48,5
DA:49,5
DA:53,5
DA:80,1
DA:82,1
LF:24
LH:22
BRDA:16,0,0,1
BRDA:16,0,1,1
BRDA:21,1,0,5
BRDA:21,1,1,5
BRDA:22,2,0,5
BRDA:22,2,1,1
BRDA:27,3,0,5
BRDA:27,3,1,0
BRDA:28,4,0,0
BRDA:28,4,1,0
BRDA:30,5,0,0
BRDA:30,5,1,0
BRDA:47,6,0,5
BRDA:47,6,1,0
BRDA:48,7,0,5
BRDA:48,7,1,0
BRF:16
BRH:9
end_of_record
TN:
SF:src/ui/Typography/Heading/index.tsx
FN:7,(anonymous_9)
FN:31,(anonymous_10)
FNF:2
FNH:2
FNDA:1,(anonymous_9)
FNDA:8,(anonymous_10)
DA:1,1
DA:5,1
DA:7,1
DA:8,1
DA:9,1
DA:10,1
DA:11,1
DA:12,1
DA:17,1
DA:30,1
DA:31,8
DA:32,8
DA:47,1
DA:49,1
LF:14
LH:14
BRDA:7,0,0,1
BRDA:7,0,1,1
BRDA:31,1,0,5
BRDA:31,1,1,3
BRDA:31,2,0,3
BRDA:31,2,1,5
BRF:6
BRH:6
end_of_record
TN:
SF:src/ui/Typography/Text/index.tsx
FN:5,(anonymous_8)
FNF:1
FNH:1
FNDA:2,(anonymous_8)
DA:1,1
DA:3,1
DA:5,1
DA:6,2
DA:9,1
DA:11,1
LF:6
LH:6
BRF:0
BRH:0
end_of_record
